1638010009905	geckodriver	INFO	Listening on 127.0.0.1:48341
1638010011381	geckodriver	INFO	Listening on 127.0.0.1:53717
1638010363016	geckodriver	INFO	Listening on 127.0.0.1:57003
1638010364079	mozrunner::runner	INFO	Running command: "/usr/bin/firefox" "--marionette" "-no-remote" "-profile" "/tmp/rust_mozprofile2NpssV"
1638010376725	Marionette	INFO	Listening on port 46163
1638010376748	Marionette	WARN	TLS certificate errors will be ignored for this session
JavaScript error: http://selenium1py.pythonanywhere.com/en-gb/, line 758: ReferenceError: oscar is not defined
1638010385571	Marionette	INFO	Stopped listening on port 46163
JavaScript error: resource://gre/modules/UrlClassifierListManager.jsm, line 691: TypeError: this.tablesData[table] is undefined
1638010392504	geckodriver	INFO	Listening on 127.0.0.1:42395
1638010393510	mozrunner::runner	INFO	Running command: "/usr/bin/firefox" "--marionette" "-no-remote" "-profile" "/tmp/rust_mozprofilenGlFRQ"
1638010398769	Marionette	INFO	Listening on port 44517
1638010398818	Marionette	WARN	TLS certificate errors will be ignored for this session
JavaScript error: http://selenium1py.pythonanywhere.com/en-gb/, line 758: ReferenceError: oscar is not defined
1638010404102	Marionette	INFO	Stopped listening on port 44517
JavaScript error: resource://gre/modules/UrlClassifierListManager.jsm, line 691: TypeError: this.tablesData[table] is undefined
JavaScript error: , line 0: uncaught exception: 2147500036
JavaScript error: , line 0: uncaught exception: 2147500036
JavaScript error: , line 0: uncaught exception: 2147500036
JavaScript error: , line 0: uncaught exception: 2147500036
JavaScript error: , line 0: uncaught exception: 2147500036
JavaScript error: , line 0: uncaught exception: 2147500036
JavaScript error: , line 0: uncaught exception: 2147500036
JavaScript error: , line 0: uncaught exception: 2147500036
JavaScript error: , line 0: uncaught exception: 2147500036
1638012308796	geckodriver	INFO	Listening on 127.0.0.1:33543
1638012309788	mozrunner::runner	INFO	Running command: "/usr/bin/firefox" "--marionette" "-no-remote" "-profile" "/tmp/rust_mozprofilem3E34A"
1638012328444	Marionette	INFO	Listening on port 39275
1638012328607	Marionette	WARN	TLS certificate errors will be ignored for this session
JavaScript error: http://selenium1py.pythonanywhere.com/en-gb/, line 758: ReferenceError: oscar is not defined
1638012335164	Marionette	INFO	Stopped listening on port 39275
JavaScript error: resource://gre/modules/UrlClassifierListManager.jsm, line 691: TypeError: this.tablesData[table] is undefined
JavaScript error: , line 0: uncaught exception: 2147500036
JavaScript error: , line 0: uncaught exception: 2147500036
JavaScript error: , line 0: uncaught exception: 2147500036
JavaScript error: , line 0: uncaught exception: 2147500036
JavaScript error: , line 0: uncaught exception: 2147500036
JavaScript error: , line 0: uncaught exception: 2147500036
JavaScript error: , line 0: uncaught exception: 2147500036
JavaScript error: , line 0: uncaught exception: 2147500036
JavaScript error: , line 0: uncaught exception: 2147500036
1638078303475	geckodriver	INFO	Listening on 127.0.0.1:37571
1638078337843	geckodriver	INFO	Listening on 127.0.0.1:36477
